2026-07-03 10:20:08,360 DEBUG robotsix_auto_mail.config.loader [-] robotsix_config not installed — falling back to direct load
2026-07-03 10:20:08,360 DEBUG robotsix_auto_mail.config.loader [-] Cannot load config from config/config.json — returning empty config
2026-07-03 10:20:08,360 DEBUG robotsix_auto_mail.config.loader [-] robotsix_config not installed — writing JSON directly
2026-07-03 10:20:08,362 DEBUG robotsix_auto_mail.config.loader [-] robotsix_config not installed — falling back to direct load
2026-07-03 10:20:08,362 DEBUG robotsix_auto_mail.config.loader [-] Cannot load config from config/config.json — returning empty config
2026-07-03 10:20:08,363 DEBUG robotsix_auto_mail.config.loader [-] robotsix_config not installed — writing JSON directly
2026-07-03 10:20:08,365 DEBUG robotsix_auto_mail.config.loader [-] robotsix_config not installed — falling back to direct load
2026-07-03 10:20:08,365 DEBUG robotsix_auto_mail.config.loader [-] Cannot load config from config/config.json — returning empty config
2026-07-03 10:20:08,365 DEBUG robotsix_auto_mail.config.loader [-] robotsix_config not installed — writing JSON directly
2026-07-03 10:20:08,367 DEBUG robotsix_auto_mail.config.loader [-] robotsix_config not installed — falling back to direct load
2026-07-03 10:20:08,367 DEBUG robotsix_auto_mail.config.loader [-] Cannot load config from config/config.json — returning empty config
2026-07-03 10:20:08,369 DEBUG robotsix_auto_mail.config.loader [-] robotsix_config not installed — falling back to direct load
2026-07-03 10:20:08,369 DEBUG robotsix_auto_mail.config.loader [-] Cannot load config from config/config.json — returning empty config
2026-07-03 10:20:08,371 DEBUG robotsix_auto_mail.config.loader [-] robotsix_config not installed — falling back to direct load
2026-07-03 10:20:08,371 DEBUG robotsix_auto_mail.config.loader [-] Cannot load config from config/config.json — returning empty config
2026-07-03 10:20:08,373 DEBUG robotsix_auto_mail.config.loader [-] robotsix_config not installed — falling back to direct load
2026-07-03 10:20:08,373 DEBUG robotsix_auto_mail.config.loader [-] Cannot load config from config/config.json — returning empty config
2026-07-03 10:20:08,374 DEBUG robotsix_auto_mail.config.loader [-] robotsix_config not installed — falling back to direct load
2026-07-03 10:20:08,374 DEBUG robotsix_auto_mail.config.loader [-] Cannot load config from config/config.json — returning empty config
2026-07-03 10:20:08,375 DEBUG robotsix_auto_mail.config.loader [-] robotsix_config not installed — writing JSON directly
2026-07-03 10:20:08,377 DEBUG robotsix_auto_mail.config.loader [-] robotsix_config not installed — falling back to direct load
2026-07-03 10:20:08,377 DEBUG robotsix_auto_mail.config.loader [-] Cannot load config from config/config.json — returning empty config
2026-07-03 10:20:08,377 DEBUG robotsix_auto_mail.config.loader [-] robotsix_config not installed — writing JSON directly
2026-07-03 10:20:08,379 DEBUG robotsix_auto_mail.config.loader [-] robotsix_config not installed — falling back to direct load
2026-07-03 10:20:08,379 DEBUG robotsix_auto_mail.config.loader [-] Cannot load config from config/config.json — returning empty config
2026-07-03 10:20:08,379 DEBUG robotsix_auto_mail.config.loader [-] robotsix_config not installed — writing JSON directly
2026-07-03 10:20:08,381 DEBUG robotsix_auto_mail.config.loader [-] robotsix_config not installed — falling back to direct load
2026-07-03 10:20:08,381 DEBUG robotsix_auto_mail.config.loader [-] Cannot load config from config/config.json — returning empty config
2026-07-03 10:20:08,382 DEBUG robotsix_auto_mail.config.loader [-] robotsix_config not installed — writing JSON directly
2026-07-03 10:20:08,385 DEBUG robotsix_auto_mail.config.loader [-] robotsix_config not installed — falling back to direct load
2026-07-03 10:20:08,385 DEBUG robotsix_auto_mail.config.loader [-] Cannot load config from config/config.json — returning empty config
2026-07-03 10:20:08,385 DEBUG robotsix_auto_mail.config.loader [-] robotsix_config not installed — writing JSON directly
2026-07-03 10:20:08,387 DEBUG robotsix_auto_mail.config.loader [-] robotsix_config not installed — falling back to direct load
2026-07-03 10:20:08,387 DEBUG robotsix_auto_mail.config.loader [-] Cannot load config from config/config.json — returning empty config
2026-07-03 10:20:08,445 DEBUG robotsix_auto_mail.config.loader [-] robotsix_config not installed — falling back to direct load
2026-07-03 10:20:08,445 DEBUG robotsix_auto_mail.config.loader [-] Cannot load config from config/config.json — returning empty config
2026-07-03 10:20:08,447 DEBUG robotsix_auto_mail.config.loader [-] robotsix_config not installed — falling back to direct load
2026-07-03 10:20:08,447 DEBUG robotsix_auto_mail.config.loader [-] Cannot load config from config/config.json — returning empty config
2026-07-03 10:20:08,448 DEBUG robotsix_auto_mail.config.loader [-] robotsix_config not installed — writing JSON directly
2026-07-03 10:20:08,450 DEBUG robotsix_auto_mail.config.loader [-] robotsix_config not installed — falling back to direct load
2026-07-03 10:20:08,450 DEBUG robotsix_auto_mail.config.loader [-] Cannot load config from config/config.json — returning empty config
2026-07-03 10:20:08,450 DEBUG robotsix_auto_mail.config.loader [-] robotsix_config not installed — writing JSON directly
2026-07-03 10:20:08,453 DEBUG robotsix_auto_mail.config.loader [-] robotsix_config not installed — falling back to direct load
2026-07-03 10:20:08,453 DEBUG robotsix_auto_mail.config.loader [-] Cannot load config from config/config.json — returning empty config
2026-07-03 10:20:08,453 DEBUG robotsix_auto_mail.config.loader [-] robotsix_config not installed — writing JSON directly
2026-07-03 10:20:08,457 DEBUG robotsix_auto_mail.config.loader [-] robotsix_config not installed — falling back to direct load
2026-07-03 10:20:08,457 DEBUG robotsix_auto_mail.config.loader [-] Cannot load config from config/config.json — returning empty config
2026-07-03 10:20:08,457 DEBUG robotsix_auto_mail.config.loader [-] robotsix_config not installed — writing JSON directly
2026-07-03 10:20:08,459 DEBUG robotsix_auto_mail.config.loader [-] robotsix_config not installed — falling back to direct load
2026-07-03 10:20:08,459 DEBUG robotsix_auto_mail.config.loader [-] Cannot load config from config/config.json — returning empty config
2026-07-03 10:20:08,459 DEBUG robotsix_auto_mail.config.loader [-] robotsix_config not installed — writing JSON directly
2026-07-03 10:20:08,461 DEBUG robotsix_auto_mail.config.loader [-] robotsix_config not installed — falling back to direct load
2026-07-03 10:20:08,461 DEBUG robotsix_auto_mail.config.loader [-] Cannot load config from config/config.json — returning empty config
2026-07-03 10:20:08,462 DEBUG robotsix_auto_mail.config.loader [-] robotsix_config not installed — writing JSON directly
2026-07-03 10:20:08,462 DEBUG robotsix_auto_mail.config.loader [-] robotsix_config not installed — writing JSON directly
2026-07-03 10:20:08,464 DEBUG robotsix_auto_mail.config.loader [-] robotsix_config not installed — falling back to direct load
2026-07-03 10:20:08,464 DEBUG robotsix_auto_mail.config.loader [-] Cannot load config from config/config.json — returning empty config
2026-07-03 10:20:08,464 DEBUG robotsix_auto_mail.config.loader [-] robotsix_config not installed — writing JSON directly
2026-07-03 10:20:08,465 DEBUG robotsix_auto_mail.config.loader [-] robotsix_config not installed — writing JSON directly
2026-07-03 10:20:08,466 DEBUG robotsix_auto_mail.config.loader [-] robotsix_config not installed — falling back to direct load
2026-07-03 10:20:08,467 DEBUG robotsix_auto_mail.config.loader [-] Cannot load config from config/config.json — returning empty config
2026-07-03 10:20:08,467 DEBUG robotsix_auto_mail.cli.config [-] robotsix_config load failed for /tmp/pytest-of-mill/pytest-0/test_detect_preserves_existing0/mail.local.json — falling back
2026-07-03 10:20:08,467 DEBUG robotsix_auto_mail.cli.config [-] robotsix_config load failed for /tmp/pytest-of-mill/pytest-0/test_detect_preserves_existing0/mail.local.json — falling back
2026-07-03 10:20:08,467 DEBUG robotsix_auto_mail.config.loader [-] robotsix_config not installed — writing JSON directly
2026-07-03 10:20:08,469 DEBUG robotsix_auto_mail.config.loader [-] robotsix_config not installed — falling back to direct load
2026-07-03 10:20:08,469 DEBUG robotsix_auto_mail.config.loader [-] Cannot load config from config/config.json — returning empty config
2026-07-03 10:20:08,469 DEBUG robotsix_auto_mail.config.loader [-] robotsix_config not installed — writing JSON directly
2026-07-03 10:20:08,471 DEBUG robotsix_auto_mail.config.loader [-] robotsix_config not installed — falling back to direct load
2026-07-03 10:20:08,471 DEBUG robotsix_auto_mail.config.loader [-] Cannot load config from config/config.json — returning empty config
2026-07-03 10:20:08,471 DEBUG robotsix_auto_mail.config.loader [-] robotsix_config not installed — writing JSON directly
2026-07-03 10:20:08,472 DEBUG robotsix_auto_mail.config.loader [-] robotsix_config not installed — falling back to direct load
2026-07-03 10:20:08,472 DEBUG robotsix_auto_mail.config.loader [-] Cannot load config from config/config.json — returning empty config
2026-07-03 10:20:08,475 DEBUG robotsix_auto_mail.config.loader [-] robotsix_config not installed — falling back to direct load
2026-07-03 10:20:08,475 DEBUG robotsix_auto_mail.config.loader [-] Cannot load config from config/config.json — returning empty config
2026-07-03 10:20:08,475 DEBUG robotsix_auto_mail.config.loader [-] robotsix_config not installed — writing JSON directly
2026-07-03 10:20:08,476 DEBUG robotsix_auto_mail.config.loader [-] robotsix_config not installed — falling back to direct load
2026-07-03 10:20:08,476 DEBUG robotsix_auto_mail.config.loader [-] Cannot load config from config/config.json — returning empty config
2026-07-03 10:20:08,479 DEBUG robotsix_auto_mail.config.loader [-] robotsix_config not installed — falling back to direct load
2026-07-03 10:20:08,479 DEBUG robotsix_auto_mail.config.loader [-] Cannot load config from config/config.json — returning empty config
2026-07-03 10:20:08,479 DEBUG robotsix_auto_mail.cli.config [-] robotsix_config load failed for /tmp/pytest-of-mill/pytest-0/test_detect_overwrite_existing0/cfg.json — falling back
2026-07-03 10:20:08,479 DEBUG robotsix_auto_mail.cli.config [-] robotsix_config load failed for /tmp/pytest-of-mill/pytest-0/test_detect_overwrite_existing0/cfg.json — falling back
2026-07-03 10:20:08,479 DEBUG robotsix_auto_mail.cli.config [-] robotsix_config load failed for /tmp/pytest-of-mill/pytest-0/test_detect_overwrite_existing0/cfg.json — falling back
2026-07-03 10:20:08,479 DEBUG robotsix_auto_mail.config.loader [-] robotsix_config not installed — writing JSON directly
2026-07-03 10:20:08,481 DEBUG robotsix_auto_mail.config.loader [-] robotsix_config not installed — falling back to direct load
2026-07-03 10:20:08,481 DEBUG robotsix_auto_mail.config.loader [-] Cannot load config from config/config.json — returning empty config
2026-07-03 10:20:08,481 DEBUG robotsix_auto_mail.cli.config [-] robotsix_config load failed for /tmp/pytest-of-mill/pytest-0/test_detect_overwrite_not_set_0/cfg.json — falling back
2026-07-03 10:20:08,484 DEBUG robotsix_auto_mail.config.loader [-] robotsix_config not installed — falling back to direct load
2026-07-03 10:20:08,484 DEBUG robotsix_auto_mail.config.loader [-] Cannot load config from config/config.json — returning empty config
2026-07-03 10:20:08,484 DEBUG robotsix_auto_mail.cli.config [-] robotsix_config load failed for /tmp/pytest-of-mill/pytest-0/test_detect_overwrite_with_oau0/cfg.json — falling back
2026-07-03 10:20:08,484 DEBUG robotsix_auto_mail.cli.config [-] robotsix_config load failed for /tmp/pytest-of-mill/pytest-0/test_detect_overwrite_with_oau0/cfg.json — falling back
2026-07-03 10:20:08,484 DEBUG robotsix_auto_mail.cli.config [-] robotsix_config load failed for /tmp/pytest-of-mill/pytest-0/test_detect_overwrite_with_oau0/cfg.json — falling back
2026-07-03 10:20:08,485 DEBUG robotsix_auto_mail.config.loader [-] robotsix_config not installed — writing JSON directly
2026-07-03 10:20:08,487 DEBUG robotsix_auto_mail.config.loader [-] robotsix_config not installed — falling back to direct load
2026-07-03 10:20:08,487 DEBUG robotsix_auto_mail.config.loader [-] Cannot load config from config/config.json — returning empty config
2026-07-03 10:20:08,487 DEBUG robotsix_auto_mail.cli.config [-] robotsix_config load failed for /tmp/pytest-of-mill/pytest-0/test_detect_overwrite_app_pass0/cfg.json — falling back
2026-07-03 10:20:08,487 DEBUG robotsix_auto_mail.cli.config [-] robotsix_config load failed for /tmp/pytest-of-mill/pytest-0/test_detect_overwrite_app_pass0/cfg.json — falling back
2026-07-03 10:20:08,487 DEBUG robotsix_auto_mail.cli.config [-] robotsix_config load failed for /tmp/pytest-of-mill/pytest-0/test_detect_overwrite_app_pass0/cfg.json — falling back
2026-07-03 10:20:08,488 DEBUG robotsix_auto_mail.config.loader [-] robotsix_config not installed — writing JSON directly
2026-07-03 10:20:08,490 DEBUG robotsix_auto_mail.config.loader [-] robotsix_config not installed — falling back to direct load
2026-07-03 10:20:08,490 DEBUG robotsix_auto_mail.config.loader [-] Cannot load config from config/config.json — returning empty config
2026-07-03 10:20:08,490 DEBUG robotsix_auto_mail.cli.config [-] robotsix_config load failed for /tmp/pytest-of-mill/pytest-0/test_detect_overwrite_preserve0/cfg.json — falling back
2026-07-03 10:20:08,490 DEBUG robotsix_auto_mail.cli.config [-] robotsix_config load failed for /tmp/pytest-of-mill/pytest-0/test_detect_overwrite_preserve0/cfg.json — falling back
2026-07-03 10:20:08,490 DEBUG robotsix_auto_mail.cli.config [-] robotsix_config load failed for /tmp/pytest-of-mill/pytest-0/test_detect_overwrite_preserve0/cfg.json — falling back
2026-07-03 10:20:08,490 DEBUG robotsix_auto_mail.config.loader [-] robotsix_config not installed — writing JSON directly
2026-07-03 10:20:08,492 DEBUG robotsix_auto_mail.config.loader [-] robotsix_config not installed — falling back to direct load
2026-07-03 10:20:08,492 DEBUG robotsix_auto_mail.config.loader [-] Cannot load config from config/config.json — returning empty config
2026-07-03 10:20:08,493 DEBUG robotsix_auto_mail.config.loader [-] robotsix_config not installed — writing JSON directly
2026-07-03 10:20:08,692 DEBUG robotsix_auto_mail.config.loader [-] robotsix_config not installed — falling back to direct load
2026-07-03 10:20:08,692 DEBUG robotsix_auto_mail.config.loader [-] Cannot load config from config/config.json — returning empty config
2026-07-03 10:20:08,714 DEBUG robotsix_auto_mail.config.loader [-] robotsix_config not installed — falling back to direct load
2026-07-03 10:20:08,714 DEBUG robotsix_auto_mail.config.loader [-] Cannot load config from config/config.json — returning empty config
2026-07-03 10:20:08,752 INFO robotsix_auto_mail.pipeline [-] ingest_begin dry_run=False archive_enabled=False triage_on_ingest=False
2026-07-03 10:20:08,752 DEBUG robotsix_auto_mail.pipeline [-] fetch_done count=2
2026-07-03 10:20:08,753 DEBUG robotsix_auto_mail.pipeline [-] message_processing uid=1 message_id=<p1@x> action=stored
2026-07-03 10:20:08,753 DEBUG robotsix_auto_mail.pipeline [-] message_processing uid=2 message_id=<p2@x> action=stored
2026-07-03 10:20:08,753 INFO robotsix_auto_mail.pipeline [-] batch_summary total_fetched=2 stored=2 skipped=0 error_count=0 triaged=0 duration_ms=1.4
2026-07-03 10:20:08,754 INFO robotsix_auto_mail.pipeline [-] ingest_begin dry_run=False archive_enabled=False triage_on_ingest=False
2026-07-03 10:20:08,754 DEBUG robotsix_auto_mail.pipeline [-] fetch_done count=1
2026-07-03 10:20:08,754 DEBUG robotsix_auto_mail.pipeline [-] message_processing uid=5 message_id=<w1@x> action=stored
2026-07-03 10:20:08,754 INFO robotsix_auto_mail.pipeline [-] batch_summary total_fetched=1 stored=1 skipped=0 error_count=0 triaged=0 duration_ms=0.6
